running egg_info
writing build/drone_delivery/drone_delivery.egg-info/PKG-INFO
writing dependency_links to build/drone_delivery/drone_delivery.egg-info/dependency_links.txt
writing entry points to build/drone_delivery/drone_delivery.egg-info/entry_points.txt
writing requirements to build/drone_delivery/drone_delivery.egg-info/requires.txt
writing top-level names to build/drone_delivery/drone_delivery.egg-info/top_level.txt
reading manifest file 'build/drone_delivery/drone_delivery.egg-info/SOURCES.txt'
adding license file 'LICENSE'
writing manifest file 'build/drone_delivery/drone_delivery.egg-info/SOURCES.txt'
running build
running build_py
running install
running install_lib
running install_data
copying worlds/exampleWorld.wbt -> /home/loris/Documents/Projects/ROS2/drone_delivery/install/drone_delivery/share/drone_delivery/worlds
creating /home/loris/Documents/Projects/ROS2/drone_delivery/install/drone_delivery/share/drone_delivery/resource
copying resource/robots.urdf -> /home/loris/Documents/Projects/ROS2/drone_delivery/install/drone_delivery/share/drone_delivery/resource
copying package.xml -> /home/loris/Documents/Projects/ROS2/drone_delivery/install/drone_delivery/share/drone_delivery
running install_egg_info
Copying build/drone_delivery/drone_delivery.egg-info to /home/loris/Documents/Projects/ROS2/drone_delivery/install/drone_delivery/lib/python3.12/site-packages/drone_delivery-0.0.0-py3.12.egg-info
running install_scripts
Installing my_robot_driver script to /home/loris/Documents/Projects/ROS2/drone_delivery/install/drone_delivery/lib/drone_delivery
Installing obstacle_avoider script to /home/loris/Documents/Projects/ROS2/drone_delivery/install/drone_delivery/lib/drone_delivery
writing list of installed files to '/home/loris/Documents/Projects/ROS2/drone_delivery/build/drone_delivery/install.log'
