[0.966s] Invoking command in '/home/loris/Documents/Projects/ROS2/drone_delivery': DEBUGINFOD_URLS=https://debuginfod.ubuntu.com PYTHONPATH=/home/loris/Documents/Projects/ROS2/drone_delivery/build/drone_delivery/prefix_override:/usr/lib/python3/dist-packages/colcon_core/task/python/colcon_distutils_commands:/home/loris/Documents/Projects/ROS2/drone_delivery/install/drone_delivery/lib/python3.12/site-packages:${PYTHONPATH} /usr/bin/python3 -W ignore:setup.py install is deprecated setup.py egg_info --egg-base build/drone_delivery build --build-base /home/loris/Documents/Projects/ROS2/drone_delivery/build/drone_delivery/build install --record /home/loris/Documents/Projects/ROS2/drone_delivery/build/drone_delivery/install.log --single-version-externally-managed install_data
[1.239s] running egg_info
[1.265s] writing build/drone_delivery/drone_delivery.egg-info/PKG-INFO
[1.265s] writing dependency_links to build/drone_delivery/drone_delivery.egg-info/dependency_links.txt
[1.266s] writing entry points to build/drone_delivery/drone_delivery.egg-info/entry_points.txt
[1.266s] writing requirements to build/drone_delivery/drone_delivery.egg-info/requires.txt
[1.266s] writing top-level names to build/drone_delivery/drone_delivery.egg-info/top_level.txt
[1.324s] reading manifest file 'build/drone_delivery/drone_delivery.egg-info/SOURCES.txt'
[1.324s] adding license file 'LICENSE'
[1.325s] writing manifest file 'build/drone_delivery/drone_delivery.egg-info/SOURCES.txt'
[1.325s] running build
[1.325s] running build_py
[1.325s] running install
[1.331s] running install_lib
[1.354s] running install_data
[1.354s] copying worlds/droneSimulationWorld.wbt -> /home/loris/Documents/Projects/ROS2/drone_delivery/install/drone_delivery/share/drone_delivery/worlds
[1.354s] running install_egg_info
[1.378s] removing '/home/loris/Documents/Projects/ROS2/drone_delivery/install/drone_delivery/lib/python3.12/site-packages/drone_delivery-0.0.0-py3.12.egg-info' (and everything under it)
[1.378s] Copying build/drone_delivery/drone_delivery.egg-info to /home/loris/Documents/Projects/ROS2/drone_delivery/install/drone_delivery/lib/python3.12/site-packages/drone_delivery-0.0.0-py3.12.egg-info
[1.379s] running install_scripts
[1.528s] Installing drone_control script to /home/loris/Documents/Projects/ROS2/drone_delivery/install/drone_delivery/lib/drone_delivery
[1.529s] Installing schedule script to /home/loris/Documents/Projects/ROS2/drone_delivery/install/drone_delivery/lib/drone_delivery
[1.529s] writing list of installed files to '/home/loris/Documents/Projects/ROS2/drone_delivery/build/drone_delivery/install.log'
[1.555s] Invoked command in '/home/loris/Documents/Projects/ROS2/drone_delivery' returned '0': DEBUGINFOD_URLS=https://debuginfod.ubuntu.com PYTHONPATH=/home/loris/Documents/Projects/ROS2/drone_delivery/build/drone_delivery/prefix_override:/usr/lib/python3/dist-packages/colcon_core/task/python/colcon_distutils_commands:/home/loris/Documents/Projects/ROS2/drone_delivery/install/drone_delivery/lib/python3.12/site-packages:${PYTHONPATH} /usr/bin/python3 -W ignore:setup.py install is deprecated setup.py egg_info --egg-base build/drone_delivery build --build-base /home/loris/Documents/Projects/ROS2/drone_delivery/build/drone_delivery/build install --record /home/loris/Documents/Projects/ROS2/drone_delivery/build/drone_delivery/install.log --single-version-externally-managed install_data
