running egg_info
creating build/drone_delivery/drone_delivery.egg-info
writing build/drone_delivery/drone_delivery.egg-info/PKG-INFO
writing dependency_links to build/drone_delivery/drone_delivery.egg-info/dependency_links.txt
writing entry points to build/drone_delivery/drone_delivery.egg-info/entry_points.txt
writing requirements to build/drone_delivery/drone_delivery.egg-info/requires.txt
writing top-level names to build/drone_delivery/drone_delivery.egg-info/top_level.txt
writing manifest file 'build/drone_delivery/drone_delivery.egg-info/SOURCES.txt'
reading manifest file 'build/drone_delivery/drone_delivery.egg-info/SOURCES.txt'
adding license file 'LICENSE'
writing manifest file 'build/drone_delivery/drone_delivery.egg-info/SOURCES.txt'
running build
running build_py
creating /home/loris/Documents/Projects/ROS2/drone_delivery/build/drone_delivery/build
creating /home/loris/Documents/Projects/ROS2/drone_delivery/build/drone_delivery/build/lib
creating /home/loris/Documents/Projects/ROS2/drone_delivery/build/drone_delivery/build/lib/drone_delivery
copying drone_delivery/__init__.py -> /home/loris/Documents/Projects/ROS2/drone_delivery/build/drone_delivery/build/lib/drone_delivery
copying drone_delivery/drone_control.py -> /home/loris/Documents/Projects/ROS2/drone_delivery/build/drone_delivery/build/lib/drone_delivery
copying drone_delivery/obstacle_avoider.py -> /home/loris/Documents/Projects/ROS2/drone_delivery/build/drone_delivery/build/lib/drone_delivery
running install
running install_lib
creating /home/loris/Documents/Projects/ROS2/drone_delivery/install/drone_delivery/lib/python3.12/site-packages/drone_delivery
copying /home/loris/Documents/Projects/ROS2/drone_delivery/build/drone_delivery/build/lib/drone_delivery/obstacle_avoider.py -> /home/loris/Documents/Projects/ROS2/drone_delivery/install/drone_delivery/lib/python3.12/site-packages/drone_delivery
copying /home/loris/Documents/Projects/ROS2/drone_delivery/build/drone_delivery/build/lib/drone_delivery/__init__.py -> /home/loris/Documents/Projects/ROS2/drone_delivery/install/drone_delivery/lib/python3.12/site-packages/drone_delivery
copying /home/loris/Documents/Projects/ROS2/drone_delivery/build/drone_delivery/build/lib/drone_delivery/drone_control.py -> /home/loris/Documents/Projects/ROS2/drone_delivery/install/drone_delivery/lib/python3.12/site-packages/drone_delivery
byte-compiling /home/loris/Documents/Projects/ROS2/drone_delivery/install/drone_delivery/lib/python3.12/site-packages/drone_delivery/obstacle_avoider.py to obstacle_avoider.cpython-312.pyc
byte-compiling /home/loris/Documents/Projects/ROS2/drone_delivery/install/drone_delivery/lib/python3.12/site-packages/drone_delivery/__init__.py to __init__.cpython-312.pyc
byte-compiling /home/loris/Documents/Projects/ROS2/drone_delivery/install/drone_delivery/lib/python3.12/site-packages/drone_delivery/drone_control.py to drone_control.cpython-312.pyc
running install_data
creating /home/loris/Documents/Projects/ROS2/drone_delivery/install/drone_delivery/share/ament_index
creating /home/loris/Documents/Projects/ROS2/drone_delivery/install/drone_delivery/share/ament_index/resource_index
creating /home/loris/Documents/Projects/ROS2/drone_delivery/install/drone_delivery/share/ament_index/resource_index/packages
copying resource/drone_delivery -> /home/loris/Documents/Projects/ROS2/drone_delivery/install/drone_delivery/share/ament_index/resource_index/packages
creating /home/loris/Documents/Projects/ROS2/drone_delivery/install/drone_delivery/share/drone_delivery/launch
copying launch/robot_launch.py -> /home/loris/Documents/Projects/ROS2/drone_delivery/install/drone_delivery/share/drone_delivery/launch
creating /home/loris/Documents/Projects/ROS2/drone_delivery/install/drone_delivery/share/drone_delivery/worlds
error: can't copy 'worlds/exampleWorld.wbt': doesn't exist or not a regular file
