[0.673s] Invoking command in '/home/loris/Documents/Projects/ROS2/drone_delivery': DEBUGINFOD_URLS=https://debuginfod.ubuntu.com PYTHONPATH=/home/loris/Documents/Projects/ROS2/drone_delivery/build/drone_delivery/prefix_override:/usr/lib/python3/dist-packages/colcon_core/task/python/colcon_distutils_commands:/home/loris/Documents/Projects/ROS2/drone_delivery/install/drone_delivery/lib/python3.12/site-packages:${PYTHONPATH} /usr/bin/python3 -W ignore:setup.py install is deprecated setup.py egg_info --egg-base build/drone_delivery build --build-base /home/loris/Documents/Projects/ROS2/drone_delivery/build/drone_delivery/build install --record /home/loris/Documents/Projects/ROS2/drone_delivery/build/drone_delivery/install.log --single-version-externally-managed install_data
[0.888s] running egg_info
[0.888s] creating build/drone_delivery/drone_delivery.egg-info
[0.903s] writing build/drone_delivery/drone_delivery.egg-info/PKG-INFO
[0.904s] writing dependency_links to build/drone_delivery/drone_delivery.egg-info/dependency_links.txt
[0.904s] writing entry points to build/drone_delivery/drone_delivery.egg-info/entry_points.txt
[0.904s] writing requirements to build/drone_delivery/drone_delivery.egg-info/requires.txt
[0.904s] writing top-level names to build/drone_delivery/drone_delivery.egg-info/top_level.txt
[0.904s] writing manifest file 'build/drone_delivery/drone_delivery.egg-info/SOURCES.txt'
[0.939s] reading manifest file 'build/drone_delivery/drone_delivery.egg-info/SOURCES.txt'
[0.940s] adding license file 'LICENSE'
[0.940s] writing manifest file 'build/drone_delivery/drone_delivery.egg-info/SOURCES.txt'
[0.940s] running build
[0.940s] running build_py
[0.940s] creating /home/loris/Documents/Projects/ROS2/drone_delivery/build/drone_delivery/build
[0.940s] creating /home/loris/Documents/Projects/ROS2/drone_delivery/build/drone_delivery/build/lib
[0.941s] creating /home/loris/Documents/Projects/ROS2/drone_delivery/build/drone_delivery/build/lib/drone_delivery
[0.941s] copying drone_delivery/__init__.py -> /home/loris/Documents/Projects/ROS2/drone_delivery/build/drone_delivery/build/lib/drone_delivery
[0.941s] copying drone_delivery/drone_control.py -> /home/loris/Documents/Projects/ROS2/drone_delivery/build/drone_delivery/build/lib/drone_delivery
[0.941s] copying drone_delivery/obstacle_avoider.py -> /home/loris/Documents/Projects/ROS2/drone_delivery/build/drone_delivery/build/lib/drone_delivery
[0.941s] running install
[0.946s] running install_lib
[0.963s] creating /home/loris/Documents/Projects/ROS2/drone_delivery/install/drone_delivery/lib/python3.12/site-packages/drone_delivery
[0.963s] copying /home/loris/Documents/Projects/ROS2/drone_delivery/build/drone_delivery/build/lib/drone_delivery/obstacle_avoider.py -> /home/loris/Documents/Projects/ROS2/drone_delivery/install/drone_delivery/lib/python3.12/site-packages/drone_delivery
[0.963s] copying /home/loris/Documents/Projects/ROS2/drone_delivery/build/drone_delivery/build/lib/drone_delivery/__init__.py -> /home/loris/Documents/Projects/ROS2/drone_delivery/install/drone_delivery/lib/python3.12/site-packages/drone_delivery
[0.963s] copying /home/loris/Documents/Projects/ROS2/drone_delivery/build/drone_delivery/build/lib/drone_delivery/drone_control.py -> /home/loris/Documents/Projects/ROS2/drone_delivery/install/drone_delivery/lib/python3.12/site-packages/drone_delivery
[0.964s] byte-compiling /home/loris/Documents/Projects/ROS2/drone_delivery/install/drone_delivery/lib/python3.12/site-packages/drone_delivery/obstacle_avoider.py to obstacle_avoider.cpython-312.pyc
[0.964s] byte-compiling /home/loris/Documents/Projects/ROS2/drone_delivery/install/drone_delivery/lib/python3.12/site-packages/drone_delivery/__init__.py to __init__.cpython-312.pyc
[0.964s] byte-compiling /home/loris/Documents/Projects/ROS2/drone_delivery/install/drone_delivery/lib/python3.12/site-packages/drone_delivery/drone_control.py to drone_control.cpython-312.pyc
[0.964s] running install_data
[0.965s] creating /home/loris/Documents/Projects/ROS2/drone_delivery/install/drone_delivery/share/ament_index
[0.965s] creating /home/loris/Documents/Projects/ROS2/drone_delivery/install/drone_delivery/share/ament_index/resource_index
[0.965s] creating /home/loris/Documents/Projects/ROS2/drone_delivery/install/drone_delivery/share/ament_index/resource_index/packages
[0.965s] copying resource/drone_delivery -> /home/loris/Documents/Projects/ROS2/drone_delivery/install/drone_delivery/share/ament_index/resource_index/packages
[0.965s] creating /home/loris/Documents/Projects/ROS2/drone_delivery/install/drone_delivery/share/drone_delivery/launch
[0.965s] copying launch/robot_launch.py -> /home/loris/Documents/Projects/ROS2/drone_delivery/install/drone_delivery/share/drone_delivery/launch
[0.965s] creating /home/loris/Documents/Projects/ROS2/drone_delivery/install/drone_delivery/share/drone_delivery/worlds
[0.965s] error: can't copy 'worlds/exampleWorld.wbt': doesn't exist or not a regular file
[0.981s] Invoked command in '/home/loris/Documents/Projects/ROS2/drone_delivery' returned '1': DEBUGINFOD_URLS=https://debuginfod.ubuntu.com PYTHONPATH=/home/loris/Documents/Projects/ROS2/drone_delivery/build/drone_delivery/prefix_override:/usr/lib/python3/dist-packages/colcon_core/task/python/colcon_distutils_commands:/home/loris/Documents/Projects/ROS2/drone_delivery/install/drone_delivery/lib/python3.12/site-packages:${PYTHONPATH} /usr/bin/python3 -W ignore:setup.py install is deprecated setup.py egg_info --egg-base build/drone_delivery build --build-base /home/loris/Documents/Projects/ROS2/drone_delivery/build/drone_delivery/build install --record /home/loris/Documents/Projects/ROS2/drone_delivery/build/drone_delivery/install.log --single-version-externally-managed install_data
