[0.988s] Invoking command in '/home/loris/Documents/Projects/ROS2/drone_delivery': DEBUGINFOD_URLS=https://debuginfod.ubuntu.com PYTHONPATH=/home/loris/Documents/Projects/ROS2/drone_delivery/build/drone_delivery/prefix_override:/usr/lib/python3/dist-packages/colcon_core/task/python/colcon_distutils_commands:/home/loris/Documents/Projects/ROS2/drone_delivery/install/drone_delivery/lib/python3.12/site-packages:${PYTHONPATH} /usr/bin/python3 -W ignore:setup.py install is deprecated setup.py egg_info --egg-base build/drone_delivery build --build-base /home/loris/Documents/Projects/ROS2/drone_delivery/build/drone_delivery/build install --record /home/loris/Documents/Projects/ROS2/drone_delivery/build/drone_delivery/install.log --single-version-externally-managed install_data
[1.295s] running egg_info
[1.319s] writing build/drone_delivery/drone_delivery.egg-info/PKG-INFO
[1.319s] writing dependency_links to build/drone_delivery/drone_delivery.egg-info/dependency_links.txt
[1.320s] writing entry points to build/drone_delivery/drone_delivery.egg-info/entry_points.txt
[1.320s] writing requirements to build/drone_delivery/drone_delivery.egg-info/requires.txt
[1.320s] writing top-level names to build/drone_delivery/drone_delivery.egg-info/top_level.txt
[1.367s] reading manifest file 'build/drone_delivery/drone_delivery.egg-info/SOURCES.txt'
[1.367s] adding license file 'LICENSE'
[1.368s] writing manifest file 'build/drone_delivery/drone_delivery.egg-info/SOURCES.txt'
[1.368s] running build
[1.368s] running build_py
[1.368s] copying drone_delivery/location_publisher.py -> /home/loris/Documents/Projects/ROS2/drone_delivery/build/drone_delivery/build/lib/drone_delivery
[1.368s] running install
[1.375s] running install_lib
[1.398s] copying /home/loris/Documents/Projects/ROS2/drone_delivery/build/drone_delivery/build/lib/drone_delivery/location_publisher.py -> /home/loris/Documents/Projects/ROS2/drone_delivery/install/drone_delivery/lib/python3.12/site-packages/drone_delivery
[1.399s] byte-compiling /home/loris/Documents/Projects/ROS2/drone_delivery/install/drone_delivery/lib/python3.12/site-packages/drone_delivery/location_publisher.py to location_publisher.cpython-312.pyc
[1.400s] running install_data
[1.400s] running install_egg_info
[1.425s] removing '/home/loris/Documents/Projects/ROS2/drone_delivery/install/drone_delivery/lib/python3.12/site-packages/drone_delivery-0.0.0-py3.12.egg-info' (and everything under it)
[1.426s] Copying build/drone_delivery/drone_delivery.egg-info to /home/loris/Documents/Projects/ROS2/drone_delivery/install/drone_delivery/lib/python3.12/site-packages/drone_delivery-0.0.0-py3.12.egg-info
[1.435s] running install_scripts
[1.597s] Installing drone_control script to /home/loris/Documents/Projects/ROS2/drone_delivery/install/drone_delivery/lib/drone_delivery
[1.598s] Installing schedule script to /home/loris/Documents/Projects/ROS2/drone_delivery/install/drone_delivery/lib/drone_delivery
[1.598s] writing list of installed files to '/home/loris/Documents/Projects/ROS2/drone_delivery/build/drone_delivery/install.log'
[1.633s] Invoked command in '/home/loris/Documents/Projects/ROS2/drone_delivery' returned '0': DEBUGINFOD_URLS=https://debuginfod.ubuntu.com PYTHONPATH=/home/loris/Documents/Projects/ROS2/drone_delivery/build/drone_delivery/prefix_override:/usr/lib/python3/dist-packages/colcon_core/task/python/colcon_distutils_commands:/home/loris/Documents/Projects/ROS2/drone_delivery/install/drone_delivery/lib/python3.12/site-packages:${PYTHONPATH} /usr/bin/python3 -W ignore:setup.py install is deprecated setup.py egg_info --egg-base build/drone_delivery build --build-base /home/loris/Documents/Projects/ROS2/drone_delivery/build/drone_delivery/build install --record /home/loris/Documents/Projects/ROS2/drone_delivery/build/drone_delivery/install.log --single-version-externally-managed install_data
