[0.723s] Invoking command in '/home/loris/Documents/Projects/ROS2/drone_delivery': DEBUGINFOD_URLS=https://debuginfod.ubuntu.com PYTHONPATH=/home/loris/Documents/Projects/ROS2/drone_delivery/build/drone_delivery/prefix_override:/usr/lib/python3/dist-packages/colcon_core/task/python/colcon_distutils_commands:/home/loris/Documents/Projects/ROS2/drone_delivery/install/drone_delivery/lib/python3.12/site-packages:${PYTHONPATH} /usr/bin/python3 -W ignore:setup.py install is deprecated setup.py egg_info --egg-base build/drone_delivery build --build-base /home/loris/Documents/Projects/ROS2/drone_delivery/build/drone_delivery/build install --record /home/loris/Documents/Projects/ROS2/drone_delivery/build/drone_delivery/install.log --single-version-externally-managed install_data
[0.745s] Traceback (most recent call last):
[0.745s]   File "/home/loris/Documents/Projects/ROS2/drone_delivery/setup.py", line 1, in <module>
[0.745s]     from setuptools import find_packages, setup
[0.745s]   File "/usr/lib/python3/dist-packages/setuptools/__init__.py", line 7, in <module>
[0.746s]     import _distutils_hack.override  # noqa: F401
[0.746s]     ^^^^^^^^^^^^^^^^^^^^^^^^^^^^^^^
[0.746s]   File "/usr/lib/python3/dist-packages/_distutils_hack/override.py", line 1, in <module>
[0.753s]     __import__('_distutils_hack').do_override()
[0.753s]   File "/usr/lib/python3/dist-packages/_distutils_hack/__init__.py", line 77, in do_override
[0.753s]     ensure_local_distutils()
[0.753s]   File "/usr/lib/python3/dist-packages/_distutils_hack/__init__.py", line 60, in ensure_local_distutils
[0.753s]     importlib.import_module('distutils')
[0.753s]   File "/usr/lib/python3.12/importlib/__init__.py", line 90, in import_module
[0.754s]     return _bootstrap._gcd_import(name[level:], package, level)
[0.754s]            ^^^^^^^^^^^^^^^^^^^^^^^^^^^^^^^^^^^^^^^^^^^^^^^^^^^^
[0.754s]   File "<frozen importlib._bootstrap>", line 1387, in _gcd_import
[0.754s]   File "<frozen importlib._bootstrap>", line 1360, in _find_and_load
[0.754s]   File "<frozen importlib._bootstrap>", line 1322, in _find_and_load_unlocked
[0.754s]   File "<frozen importlib._bootstrap>", line 1262, in _find_spec
[0.754s]   File "/usr/lib/python3/dist-packages/_distutils_hack/__init__.py", line 97, in find_spec
[0.754s]     return method()
[0.754s]            ^^^^^^^^
[0.754s]   File "/usr/lib/python3/dist-packages/_distutils_hack/__init__.py", line 104, in spec_for_distutils
[0.754s]     import importlib.abc
[0.754s]   File "/usr/lib/python3.12/importlib/abc.py", line 18, in <module>
[0.754s]     from .resources import abc as _resources_abc
[0.755s]   File "/usr/lib/python3.12/importlib/resources/__init__.py", line 3, in <module>
[0.755s]     from ._common import (
[0.755s]   File "/usr/lib/python3.12/importlib/resources/_common.py", line 3, in <module>
[0.755s]     import tempfile
[0.755s]   File "<frozen importlib._bootstrap>", line 1360, in _find_and_load
[0.755s]   File "<frozen importlib._bootstrap>", line 1331, in _find_and_load_unlocked
[0.755s]   File "<frozen importlib._bootstrap>", line 935, in _load_unlocked
[0.755s]   File "<frozen importlib._bootstrap_external>", line 991, in exec_module
[0.755s]   File "<frozen importlib._bootstrap_external>", line 1124, in get_code
[0.755s]   File "<frozen importlib._bootstrap_external>", line 753, in _compile_bytecode
[0.755s] KeyboardInterrupt
[0.758s] Invoked command in '/home/loris/Documents/Projects/ROS2/drone_delivery' returned '-2': DEBUGINFOD_URLS=https://debuginfod.ubuntu.com PYTHONPATH=/home/loris/Documents/Projects/ROS2/drone_delivery/build/drone_delivery/prefix_override:/usr/lib/python3/dist-packages/colcon_core/task/python/colcon_distutils_commands:/home/loris/Documents/Projects/ROS2/drone_delivery/install/drone_delivery/lib/python3.12/site-packages:${PYTHONPATH} /usr/bin/python3 -W ignore:setup.py install is deprecated setup.py egg_info --egg-base build/drone_delivery build --build-base /home/loris/Documents/Projects/ROS2/drone_delivery/build/drone_delivery/build install --record /home/loris/Documents/Projects/ROS2/drone_delivery/build/drone_delivery/install.log --single-version-externally-managed install_data
