[0.672s] Invoking command in '/home/loris/Documents/Projects/ROS2/drone_delivery': DEBUGINFOD_URLS=https://debuginfod.ubuntu.com PYTHONPATH=/home/loris/Documents/Projects/ROS2/drone_delivery/build/drone_delivery/prefix_override:/usr/lib/python3/dist-packages/colcon_core/task/python/colcon_distutils_commands:/home/loris/Documents/Projects/ROS2/drone_delivery/install/drone_delivery/lib/python3.12/site-packages:${PYTHONPATH} /usr/bin/python3 -W ignore:setup.py install is deprecated setup.py egg_info --egg-base build/drone_delivery build --build-base /home/loris/Documents/Projects/ROS2/drone_delivery/build/drone_delivery/build install --record /home/loris/Documents/Projects/ROS2/drone_delivery/build/drone_delivery/install.log --single-version-externally-managed install_data
[0.893s] running egg_info
[0.910s] writing build/drone_delivery/drone_delivery.egg-info/PKG-INFO
[0.910s] writing dependency_links to build/drone_delivery/drone_delivery.egg-info/dependency_links.txt
[0.910s] writing entry points to build/drone_delivery/drone_delivery.egg-info/entry_points.txt
[0.910s] writing requirements to build/drone_delivery/drone_delivery.egg-info/requires.txt
[0.910s] writing top-level names to build/drone_delivery/drone_delivery.egg-info/top_level.txt
[0.945s] reading manifest file 'build/drone_delivery/drone_delivery.egg-info/SOURCES.txt'
[0.945s] adding license file 'LICENSE'
[0.946s] writing manifest file 'build/drone_delivery/drone_delivery.egg-info/SOURCES.txt'
[0.946s] running build
[0.946s] running build_py
[0.946s] copying drone_delivery/drone_control.py -> /home/loris/Documents/Projects/ROS2/drone_delivery/build/drone_delivery/build/lib/drone_delivery
[0.947s] running install
[0.952s] running install_lib
[0.970s] copying /home/loris/Documents/Projects/ROS2/drone_delivery/build/drone_delivery/build/lib/drone_delivery/drone_control.py -> /home/loris/Documents/Projects/ROS2/drone_delivery/install/drone_delivery/lib/python3.12/site-packages/drone_delivery
[0.970s] byte-compiling /home/loris/Documents/Projects/ROS2/drone_delivery/install/drone_delivery/lib/python3.12/site-packages/drone_delivery/drone_control.py to drone_control.cpython-312.pyc
[0.972s] running install_data
[0.972s] running install_egg_info
[0.991s] removing '/home/loris/Documents/Projects/ROS2/drone_delivery/install/drone_delivery/lib/python3.12/site-packages/drone_delivery-0.0.0-py3.12.egg-info' (and everything under it)
[0.991s] Copying build/drone_delivery/drone_delivery.egg-info to /home/loris/Documents/Projects/ROS2/drone_delivery/install/drone_delivery/lib/python3.12/site-packages/drone_delivery-0.0.0-py3.12.egg-info
[0.992s] running install_scripts
[1.109s] Installing drone_control script to /home/loris/Documents/Projects/ROS2/drone_delivery/install/drone_delivery/lib/drone_delivery
[1.109s] Installing touch script to /home/loris/Documents/Projects/ROS2/drone_delivery/install/drone_delivery/lib/drone_delivery
[1.109s] writing list of installed files to '/home/loris/Documents/Projects/ROS2/drone_delivery/build/drone_delivery/install.log'
[1.134s] Invoked command in '/home/loris/Documents/Projects/ROS2/drone_delivery' returned '0': DEBUGINFOD_URLS=https://debuginfod.ubuntu.com PYTHONPATH=/home/loris/Documents/Projects/ROS2/drone_delivery/build/drone_delivery/prefix_override:/usr/lib/python3/dist-packages/colcon_core/task/python/colcon_distutils_commands:/home/loris/Documents/Projects/ROS2/drone_delivery/install/drone_delivery/lib/python3.12/site-packages:${PYTHONPATH} /usr/bin/python3 -W ignore:setup.py install is deprecated setup.py egg_info --egg-base build/drone_delivery build --build-base /home/loris/Documents/Projects/ROS2/drone_delivery/build/drone_delivery/build install --record /home/loris/Documents/Projects/ROS2/drone_delivery/build/drone_delivery/install.log --single-version-externally-managed install_data
