/home/loris/ros2_ws/drone_delivery_main/install/drone_delivery/lib/python3.12/site-packages/drone_delivery/gripper_control.py
/home/loris/ros2_ws/drone_delivery_main/install/drone_delivery/lib/python3.12/site-packages/drone_delivery/__init__.py
/home/loris/ros2_ws/drone_delivery_main/install/drone_delivery/lib/python3.12/site-packages/drone_delivery/location_publisher.py
/home/loris/ros2_ws/drone_delivery_main/install/drone_delivery/lib/python3.12/site-packages/drone_delivery/drone_control.py
/home/loris/ros2_ws/drone_delivery_main/install/drone_delivery/lib/python3.12/site-packages/drone_delivery/objects.py
/home/loris/ros2_ws/drone_delivery_main/install/drone_delivery/lib/python3.12/site-packages/drone_delivery/actions.py
/home/loris/ros2_ws/drone_delivery_main/install/drone_delivery/lib/python3.12/site-packages/drone_delivery/job_scheduling.py
/home/loris/ros2_ws/drone_delivery_main/install/drone_delivery/lib/python3.12/site-packages/drone_delivery/__pycache__/gripper_control.cpython-312.pyc
/home/loris/ros2_ws/drone_delivery_main/install/drone_delivery/lib/python3.12/site-packages/drone_delivery/__pycache__/__init__.cpython-312.pyc
/home/loris/ros2_ws/drone_delivery_main/install/drone_delivery/lib/python3.12/site-packages/drone_delivery/__pycache__/location_publisher.cpython-312.pyc
/home/loris/ros2_ws/drone_delivery_main/install/drone_delivery/lib/python3.12/site-packages/drone_delivery/__pycache__/drone_control.cpython-312.pyc
/home/loris/ros2_ws/drone_delivery_main/install/drone_delivery/lib/python3.12/site-packages/drone_delivery/__pycache__/objects.cpython-312.pyc
/home/loris/ros2_ws/drone_delivery_main/install/drone_delivery/lib/python3.12/site-packages/drone_delivery/__pycache__/actions.cpython-312.pyc
/home/loris/ros2_ws/drone_delivery_main/install/drone_delivery/lib/python3.12/site-packages/drone_delivery/__pycache__/job_scheduling.cpython-312.pyc
/home/loris/ros2_ws/drone_delivery_main/install/drone_delivery/share/ament_index/resource_index/packages/drone_delivery
/home/loris/ros2_ws/drone_delivery_main/install/drone_delivery/share/drone_delivery/launch/robot_launch.py
/home/loris/ros2_ws/drone_delivery_main/install/drone_delivery/share/drone_delivery/worlds/droneSimulationWorld.wbt
/home/loris/ros2_ws/drone_delivery_main/install/drone_delivery/share/drone_delivery/resource/robots.urdf
/home/loris/ros2_ws/drone_delivery_main/install/drone_delivery/share/drone_delivery/package.xml
/home/loris/ros2_ws/drone_delivery_main/install/drone_delivery/lib/python3.12/site-packages/drone_delivery-0.0.0-py3.12.egg-info/PKG-INFO
/home/loris/ros2_ws/drone_delivery_main/install/drone_delivery/lib/python3.12/site-packages/drone_delivery-0.0.0-py3.12.egg-info/dependency_links.txt
/home/loris/ros2_ws/drone_delivery_main/install/drone_delivery/lib/python3.12/site-packages/drone_delivery-0.0.0-py3.12.egg-info/entry_points.txt
/home/loris/ros2_ws/drone_delivery_main/install/drone_delivery/lib/python3.12/site-packages/drone_delivery-0.0.0-py3.12.egg-info/zip-safe
/home/loris/ros2_ws/drone_delivery_main/install/drone_delivery/lib/python3.12/site-packages/drone_delivery-0.0.0-py3.12.egg-info/top_level.txt
/home/loris/ros2_ws/drone_delivery_main/install/drone_delivery/lib/python3.12/site-packages/drone_delivery-0.0.0-py3.12.egg-info/SOURCES.txt
/home/loris/ros2_ws/drone_delivery_main/install/drone_delivery/lib/python3.12/site-packages/drone_delivery-0.0.0-py3.12.egg-info/requires.txt
/home/loris/ros2_ws/drone_delivery_main/install/drone_delivery/lib/drone_delivery/drone_control
/home/loris/ros2_ws/drone_delivery_main/install/drone_delivery/lib/drone_delivery/grip
/home/loris/ros2_ws/drone_delivery_main/install/drone_delivery/lib/drone_delivery/schedule
