[0.828s] Invoking command in '/home/loris/Documents/Projects/ROS2/drone_delivery': DEBUGINFOD_URLS=https://debuginfod.ubuntu.com PYTHONPATH=/home/loris/Documents/Projects/ROS2/drone_delivery/build/drone_delivery/prefix_override:/usr/lib/python3/dist-packages/colcon_core/task/python/colcon_distutils_commands:/home/loris/Documents/Projects/ROS2/drone_delivery/install/drone_delivery/lib/python3.12/site-packages:${PYTHONPATH} /usr/bin/python3 -W ignore:setup.py install is deprecated setup.py egg_info --egg-base build/drone_delivery build --build-base /home/loris/Documents/Projects/ROS2/drone_delivery/build/drone_delivery/build install --record /home/loris/Documents/Projects/ROS2/drone_delivery/build/drone_delivery/install.log --single-version-externally-managed install_data
[1.100s] running egg_info
[1.124s] writing build/drone_delivery/drone_delivery.egg-info/PKG-INFO
[1.125s] writing dependency_links to build/drone_delivery/drone_delivery.egg-info/dependency_links.txt
[1.125s] writing entry points to build/drone_delivery/drone_delivery.egg-info/entry_points.txt
[1.125s] writing requirements to build/drone_delivery/drone_delivery.egg-info/requires.txt
[1.125s] writing top-level names to build/drone_delivery/drone_delivery.egg-info/top_level.txt
[1.171s] reading manifest file 'build/drone_delivery/drone_delivery.egg-info/SOURCES.txt'
[1.171s] adding license file 'LICENSE'
[1.171s] writing manifest file 'build/drone_delivery/drone_delivery.egg-info/SOURCES.txt'
[1.171s] running build
[1.172s] running build_py
[1.172s] copying drone_delivery/drone_control.py -> /home/loris/Documents/Projects/ROS2/drone_delivery/build/drone_delivery/build/lib/drone_delivery
[1.172s] running install
[1.177s] running install_lib
[1.200s] copying /home/loris/Documents/Projects/ROS2/drone_delivery/build/drone_delivery/build/lib/drone_delivery/drone_control.py -> /home/loris/Documents/Projects/ROS2/drone_delivery/install/drone_delivery/lib/python3.12/site-packages/drone_delivery
[1.201s] byte-compiling /home/loris/Documents/Projects/ROS2/drone_delivery/install/drone_delivery/lib/python3.12/site-packages/drone_delivery/drone_control.py to drone_control.cpython-312.pyc
[1.203s] running install_data
[1.203s] running install_egg_info
[1.228s] removing '/home/loris/Documents/Projects/ROS2/drone_delivery/install/drone_delivery/lib/python3.12/site-packages/drone_delivery-0.0.0-py3.12.egg-info' (and everything under it)
[1.229s] Copying build/drone_delivery/drone_delivery.egg-info to /home/loris/Documents/Projects/ROS2/drone_delivery/install/drone_delivery/lib/python3.12/site-packages/drone_delivery-0.0.0-py3.12.egg-info
[1.230s] running install_scripts
[1.380s] Installing drone_control script to /home/loris/Documents/Projects/ROS2/drone_delivery/install/drone_delivery/lib/drone_delivery
[1.380s] Installing schedule script to /home/loris/Documents/Projects/ROS2/drone_delivery/install/drone_delivery/lib/drone_delivery
[1.381s] writing list of installed files to '/home/loris/Documents/Projects/ROS2/drone_delivery/build/drone_delivery/install.log'
[1.407s] Invoked command in '/home/loris/Documents/Projects/ROS2/drone_delivery' returned '0': DEBUGINFOD_URLS=https://debuginfod.ubuntu.com PYTHONPATH=/home/loris/Documents/Projects/ROS2/drone_delivery/build/drone_delivery/prefix_override:/usr/lib/python3/dist-packages/colcon_core/task/python/colcon_distutils_commands:/home/loris/Documents/Projects/ROS2/drone_delivery/install/drone_delivery/lib/python3.12/site-packages:${PYTHONPATH} /usr/bin/python3 -W ignore:setup.py install is deprecated setup.py egg_info --egg-base build/drone_delivery build --build-base /home/loris/Documents/Projects/ROS2/drone_delivery/build/drone_delivery/build install --record /home/loris/Documents/Projects/ROS2/drone_delivery/build/drone_delivery/install.log --single-version-externally-managed install_data
