[0.716s] Invoking command in '/home/loris/Documents/Projects/ROS2/drone_delivery': DEBUGINFOD_URLS=https://debuginfod.ubuntu.com PYTHONPATH=/home/loris/Documents/Projects/ROS2/drone_delivery/build/drone_delivery/prefix_override:/usr/lib/python3/dist-packages/colcon_core/task/python/colcon_distutils_commands:/home/loris/Documents/Projects/ROS2/drone_delivery/install/drone_delivery/lib/python3.12/site-packages:${PYTHONPATH} /usr/bin/python3 -W ignore:setup.py install is deprecated setup.py egg_info --egg-base build/drone_delivery build --build-base /home/loris/Documents/Projects/ROS2/drone_delivery/build/drone_delivery/build install --record /home/loris/Documents/Projects/ROS2/drone_delivery/build/drone_delivery/install.log --single-version-externally-managed install_data
[0.938s] running egg_info
[0.956s] writing build/drone_delivery/drone_delivery.egg-info/PKG-INFO
[0.956s] writing dependency_links to build/drone_delivery/drone_delivery.egg-info/dependency_links.txt
[0.956s] writing entry points to build/drone_delivery/drone_delivery.egg-info/entry_points.txt
[0.956s] writing requirements to build/drone_delivery/drone_delivery.egg-info/requires.txt
[0.956s] writing top-level names to build/drone_delivery/drone_delivery.egg-info/top_level.txt
[0.992s] reading manifest file 'build/drone_delivery/drone_delivery.egg-info/SOURCES.txt'
[0.992s] adding license file 'LICENSE'
[0.992s] writing manifest file 'build/drone_delivery/drone_delivery.egg-info/SOURCES.txt'
[0.992s] running build
[0.993s] running build_py
[0.993s] copying drone_delivery/drone_control.py -> /home/loris/Documents/Projects/ROS2/drone_delivery/build/drone_delivery/build/lib/drone_delivery
[0.993s] running install
[0.998s] running install_lib
[1.017s] copying /home/loris/Documents/Projects/ROS2/drone_delivery/build/drone_delivery/build/lib/drone_delivery/drone_control.py -> /home/loris/Documents/Projects/ROS2/drone_delivery/install/drone_delivery/lib/python3.12/site-packages/drone_delivery
[1.018s] byte-compiling /home/loris/Documents/Projects/ROS2/drone_delivery/install/drone_delivery/lib/python3.12/site-packages/drone_delivery/drone_control.py to drone_control.cpython-312.pyc
[1.019s] running install_data
[1.019s] copying launch/robot_launch.py -> /home/loris/Documents/Projects/ROS2/drone_delivery/install/drone_delivery/share/drone_delivery/launch
[1.019s] copying resource/robots.urdf -> /home/loris/Documents/Projects/ROS2/drone_delivery/install/drone_delivery/share/drone_delivery/resource
[1.022s] running install_egg_info
[1.043s] removing '/home/loris/Documents/Projects/ROS2/drone_delivery/install/drone_delivery/lib/python3.12/site-packages/drone_delivery-0.0.0-py3.12.egg-info' (and everything under it)
[1.043s] Copying build/drone_delivery/drone_delivery.egg-info to /home/loris/Documents/Projects/ROS2/drone_delivery/install/drone_delivery/lib/python3.12/site-packages/drone_delivery-0.0.0-py3.12.egg-info
[1.045s] running install_scripts
[1.172s] Installing drone_control script to /home/loris/Documents/Projects/ROS2/drone_delivery/install/drone_delivery/lib/drone_delivery
[1.172s] writing list of installed files to '/home/loris/Documents/Projects/ROS2/drone_delivery/build/drone_delivery/install.log'
[1.198s] Invoked command in '/home/loris/Documents/Projects/ROS2/drone_delivery' returned '0': DEBUGINFOD_URLS=https://debuginfod.ubuntu.com PYTHONPATH=/home/loris/Documents/Projects/ROS2/drone_delivery/build/drone_delivery/prefix_override:/usr/lib/python3/dist-packages/colcon_core/task/python/colcon_distutils_commands:/home/loris/Documents/Projects/ROS2/drone_delivery/install/drone_delivery/lib/python3.12/site-packages:${PYTHONPATH} /usr/bin/python3 -W ignore:setup.py install is deprecated setup.py egg_info --egg-base build/drone_delivery build --build-base /home/loris/Documents/Projects/ROS2/drone_delivery/build/drone_delivery/build install --record /home/loris/Documents/Projects/ROS2/drone_delivery/build/drone_delivery/install.log --single-version-externally-managed install_data
